[debug] [2026-06-29T17:45:17.404Z] ----------------------------------------------------------------------
[debug] [2026-06-29T17:45:17.407Z] Command:       C:\Program Files\nodejs\node.exe C:\Users\Asus\AppData\Roaming\npm\node_modules\firebase-tools\lib\bin\firebase.js init
[debug] [2026-06-29T17:45:17.408Z] CLI Version:   15.22.3
[debug] [2026-06-29T17:45:17.408Z] Platform:      win32
[debug] [2026-06-29T17:45:17.408Z] Node Version:  v24.18.0
[debug] [2026-06-29T17:45:17.408Z] Detected Agent: unknown
[debug] [2026-06-29T17:45:17.408Z] Time:          Mon Jun 29 2026 23:15:17 GMT+0530 (India Standard Time)
[debug] [2026-06-29T17:45:17.408Z] ----------------------------------------------------------------------
[debug] 
[info] 
     ######## #### ########  ######## ########     ###     ######  ########
     ##        ##  ##     ## ##       ##     ##  ##   ##  ##       ##
     ######    ##  ########  ######   ########  #########  ######  ######
     ##        ##  ##    ##  ##       ##     ## ##     ##       ## ##
     ##       #### ##     ## ######## ########  ##     ##  ######  ########

You're about to initialize a Firebase project in this directory:

  C:\Users\Asus\Documents\Lapzenix_Project

[debug] [2026-06-29T17:51:04.946Z] ExitPromptError: User force closed the prompt with SIGINT
    at Interface.sigint (C:\Users\Asus\AppData\Roaming\npm\node_modules\firebase-tools\node_modules\@inquirer\core\dist\commonjs\lib\create-prompt.js:101:37)
    at Interface.emit (node:events:509:28)
    at [_ttyWrite] [as _ttyWrite] (node:internal/readline/interface:1327:18)
    at ReadStream.onkeypress (node:internal/readline/interface:284:20)
    at ReadStream.emit (node:events:521:24)
    at emitKeys (node:internal/readline/utils:371:14)
    at emitKeys.next (<anonymous>)
    at ReadStream.onData (node:internal/readline/emitKeypressEvents:64:36)
    at ReadStream.emit (node:events:509:28)
    at addChunk (node:internal/streams/readable:563:12)
[error] 
[error] Error: An unexpected error has occurred.
